{"/Users/ljoliat/Documents/sites/recipes/src/router.js": {"path":"/Users/ljoliat/Documents/sites/recipes/src/router.js","statementMap":{"0":{"start":{"line":4,"column":12},"end":{"line":4,"column":42}},"1":{"start":{"line":7,"column":15},"end":{"line":18,"column":2}},"2":{"start":{"line":10,"column":26},"end":{"line":10,"column":60}},"3":{"start":{"line":11,"column":17},"end":{"line":15,"column":5}},"4":{"start":{"line":16,"column":4},"end":{"line":16,"column":24}},"5":{"start":{"line":21,"column":0},"end":{"line":33,"column":2}},"6":{"start":{"line":22,"column":2},"end":{"line":28,"column":4}},"7":{"start":{"line":23,"column":4},"end":{"line":23,"column":46}},"8":{"start":{"line":24,"column":4},"end":{"line":24,"column":56}},"9":{"start":{"line":25,"column":4},"end":{"line":25,"column":47}},"10":{"start":{"line":26,"column":4},"end":{"line":26,"column":49}},"11":{"start":{"line":27,"column":4},"end":{"line":27,"column":65}},"12":{"start":{"line":29,"column":2},"end":{"line":32,"column":4}},"13":{"start":{"line":30,"column":4},"end":{"line":30,"column":60}},"14":{"start":{"line":31,"column":4},"end":{"line":31,"column":53}}},"fnMap":{"0":{"name":"(anonymous_0)","decl":{"start":{"line":9,"column":11},"end":{"line":9,"column":12}},"loc":{"start":{"line":9,"column":25},"end":{"line":17,"column":3}},"line":9},"1":{"name":"(anonymous_1)","decl":{"start":{"line":21,"column":32},"end":{"line":21,"column":33}},"loc":{"start":{"line":21,"column":38},"end":{"line":33,"column":1}},"line":21},"2":{"name":"(anonymous_2)","decl":{"start":{"line":22,"column":18},"end":{"line":22,"column":19}},"loc":{"start":{"line":22,"column":30},"end":{"line":28,"column":3}},"line":22},"3":{"name":"(anonymous_3)","decl":{"start":{"line":29,"column":24},"end":{"line":29,"column":25}},"loc":{"start":{"line":29,"column":36},"end":{"line":32,"column":3}},"line":29}},"branchMap":{},"s":{"0":1,"1":1,"2":0,"3":0,"4":0,"5":1,"6":0,"7":0,"8":0,"9":0,"10":0,"11":0,"12":0,"13":0,"14":0},"f":{"0":0,"1":0,"2":0,"3":0},"b":{},"_coverageSchema":"332fd63041d2c1bcb487cc26dd0d5f7d97098a6c","hash":"cfa695e3ef3d46d40d1e7c9e5c2e0a9b80ebf066"}
,"/Users/ljoliat/Documents/sites/recipes/src/components/create-recipe/create-recipe.js": {"path":"/Users/ljoliat/Documents/sites/recipes/src/components/create-recipe/create-recipe.js","statementMap":{"0":{"start":{"line":7,"column":4},"end":{"line":7,"column":11}},"1":{"start":{"line":8,"column":4},"end":{"line":10,"column":6}},"2":{"start":{"line":13,"column":4},"end":{"line":28,"column":12}},"3":{"start":{"line":29,"column":4},"end":{"line":31,"column":54}},"4":{"start":{"line":31,"column":39},"end":{"line":31,"column":53}},"5":{"start":{"line":32,"column":4},"end":{"line":34,"column":62}},"6":{"start":{"line":34,"column":39},"end":{"line":34,"column":61}},"7":{"start":{"line":37,"column":18},"end":{"line":37,"column":63}},"8":{"start":{"line":38,"column":24},"end":{"line":38,"column":72}},"9":{"start":{"line":39,"column":19},"end":{"line":39,"column":53}},"10":{"start":{"line":40,"column":4},"end":{"line":48,"column":5}},"11":{"start":{"line":41,"column":6},"end":{"line":46,"column":7}},"12":{"start":{"line":47,"column":6},"end":{"line":47,"column":28}},"13":{"start":{"line":52,"column":0},"end":{"line":52,"column":59}}},"fnMap":{"0":{"name":"(anonymous_0)","decl":{"start":{"line":6,"column":2},"end":{"line":6,"column":3}},"loc":{"start":{"line":6,"column":17},"end":{"line":11,"column":3}},"line":6},"1":{"name":"(anonymous_1)","decl":{"start":{"line":12,"column":2},"end":{"line":12,"column":3}},"loc":{"start":{"line":12,"column":23},"end":{"line":35,"column":3}},"line":12},"2":{"name":"(anonymous_2)","decl":{"start":{"line":31,"column":33},"end":{"line":31,"column":34}},"loc":{"start":{"line":31,"column":39},"end":{"line":31,"column":53}},"line":31},"3":{"name":"(anonymous_3)","decl":{"start":{"line":34,"column":33},"end":{"line":34,"column":34}},"loc":{"start":{"line":34,"column":39},"end":{"line":34,"column":61}},"line":34},"4":{"name":"(anonymous_4)","decl":{"start":{"line":36,"column":2},"end":{"line":36,"column":3}},"loc":{"start":{"line":36,"column":13},"end":{"line":49,"column":3}},"line":36}},"branchMap":{"0":{"loc":{"start":{"line":40,"column":4},"end":{"line":48,"column":5}},"type":"if","locations":[{"start":{"line":40,"column":4},"end":{"line":48,"column":5}},{"start":{"line":40,"column":4},"end":{"line":48,"column":5}}],"line":40}},"s":{"0":1,"1":1,"2":0,"3":0,"4":0,"5":0,"6":0,"7":0,"8":0,"9":0,"10":0,"11":0,"12":0,"13":1},"f":{"0":1,"1":0,"2":0,"3":0,"4":0},"b":{"0":[0,0]},"_coverageSchema":"332fd63041d2c1bcb487cc26dd0d5f7d97098a6c","hash":"9a8540edade17b041c9114e99124e5bfc5375959"}
,"/Users/ljoliat/Documents/sites/recipes/src/components/recipe/recipe.js": {"path":"/Users/ljoliat/Documents/sites/recipes/src/components/recipe/recipe.js","statementMap":{"0":{"start":{"line":5,"column":4},"end":{"line":5,"column":11}},"1":{"start":{"line":6,"column":4},"end":{"line":6,"column":58}},"2":{"start":{"line":7,"column":4},"end":{"line":7,"column":23}},"3":{"start":{"line":10,"column":4},"end":{"line":25,"column":34}},"4":{"start":{"line":26,"column":4},"end":{"line":26,"column":64}},"5":{"start":{"line":27,"column":4},"end":{"line":29,"column":54}},"6":{"start":{"line":29,"column":39},"end":{"line":29,"column":53}},"7":{"start":{"line":30,"column":4},"end":{"line":32,"column":59}},"8":{"start":{"line":32,"column":39},"end":{"line":32,"column":58}},"9":{"start":{"line":33,"column":4},"end":{"line":35,"column":62}},"10":{"start":{"line":35,"column":39},"end":{"line":35,"column":61}},"11":{"start":{"line":38,"column":4},"end":{"line":40,"column":57}},"12":{"start":{"line":40,"column":42},"end":{"line":40,"column":56}},"13":{"start":{"line":41,"column":4},"end":{"line":43,"column":62}},"14":{"start":{"line":43,"column":42},"end":{"line":43,"column":61}},"15":{"start":{"line":44,"column":4},"end":{"line":46,"column":65}},"16":{"start":{"line":46,"column":42},"end":{"line":46,"column":64}},"17":{"start":{"line":49,"column":4},"end":{"line":49,"column":69}},"18":{"start":{"line":50,"column":4},"end":{"line":53,"column":18}},"19":{"start":{"line":56,"column":4},"end":{"line":56,"column":40}},"20":{"start":{"line":57,"column":4},"end":{"line":57,"column":37}},"21":{"start":{"line":60,"column":4},"end":{"line":60,"column":29}},"22":{"start":{"line":60,"column":23},"end":{"line":60,"column":29}},"23":{"start":{"line":61,"column":4},"end":{"line":66,"column":5}},"24":{"start":{"line":69,"column":4},"end":{"line":69,"column":29}},"25":{"start":{"line":69,"column":23},"end":{"line":69,"column":29}},"26":{"start":{"line":70,"column":4},"end":{"line":75,"column":5}},"27":{"start":{"line":78,"column":4},"end":{"line":78,"column":23}},"28":{"start":{"line":81,"column":4},"end":{"line":81,"column":25}},"29":{"start":{"line":82,"column":4},"end":{"line":82,"column":36}},"30":{"start":{"line":86,"column":0},"end":{"line":86,"column":51}}},"fnMap":{"0":{"name":"(anonymous_0)","decl":{"start":{"line":4,"column":2},"end":{"line":4,"column":3}},"loc":{"start":{"line":4,"column":17},"end":{"line":8,"column":3}},"line":4},"1":{"name":"(anonymous_1)","decl":{"start":{"line":9,"column":2},"end":{"line":9,"column":3}},"loc":{"start":{"line":9,"column":23},"end":{"line":36,"column":3}},"line":9},"2":{"name":"(anonymous_2)","decl":{"start":{"line":29,"column":33},"end":{"line":29,"column":34}},"loc":{"start":{"line":29,"column":39},"end":{"line":29,"column":53}},"line":29},"3":{"name":"(anonymous_3)","decl":{"start":{"line":32,"column":33},"end":{"line":32,"column":34}},"loc":{"start":{"line":32,"column":39},"end":{"line":32,"column":58}},"line":32},"4":{"name":"(anonymous_4)","decl":{"start":{"line":35,"column":33},"end":{"line":35,"column":34}},"loc":{"start":{"line":35,"column":39},"end":{"line":35,"column":61}},"line":35},"5":{"name":"(anonymous_5)","decl":{"start":{"line":37,"column":2},"end":{"line":37,"column":3}},"loc":{"start":{"line":37,"column":22},"end":{"line":47,"column":3}},"line":37},"6":{"name":"(anonymous_6)","decl":{"start":{"line":40,"column":36},"end":{"line":40,"column":37}},"loc":{"start":{"line":40,"column":42},"end":{"line":40,"column":56}},"line":40},"7":{"name":"(anonymous_7)","decl":{"start":{"line":43,"column":36},"end":{"line":43,"column":37}},"loc":{"start":{"line":43,"column":42},"end":{"line":43,"column":61}},"line":43},"8":{"name":"(anonymous_8)","decl":{"start":{"line":46,"column":36},"end":{"line":46,"column":37}},"loc":{"start":{"line":46,"column":42},"end":{"line":46,"column":64}},"line":46},"9":{"name":"(anonymous_9)","decl":{"start":{"line":48,"column":2},"end":{"line":48,"column":3}},"loc":{"start":{"line":48,"column":18},"end":{"line":54,"column":3}},"line":48},"10":{"name":"(anonymous_10)","decl":{"start":{"line":55,"column":2},"end":{"line":55,"column":3}},"loc":{"start":{"line":55,"column":18},"end":{"line":58,"column":3}},"line":55},"11":{"name":"(anonymous_11)","decl":{"start":{"line":59,"column":2},"end":{"line":59,"column":3}},"loc":{"start":{"line":59,"column":13},"end":{"line":67,"column":3}},"line":59},"12":{"name":"(anonymous_12)","decl":{"start":{"line":68,"column":2},"end":{"line":68,"column":3}},"loc":{"start":{"line":68,"column":21},"end":{"line":76,"column":3}},"line":68},"13":{"name":"(anonymous_13)","decl":{"start":{"line":77,"column":2},"end":{"line":77,"column":3}},"loc":{"start":{"line":77,"column":16},"end":{"line":79,"column":3}},"line":77},"14":{"name":"(anonymous_14)","decl":{"start":{"line":80,"column":2},"end":{"line":80,"column":3}},"loc":{"start":{"line":80,"column":27},"end":{"line":83,"column":3}},"line":80}},"branchMap":{"0":{"loc":{"start":{"line":50,"column":60},"end":{"line":53,"column":18}},"type":"cond-expr","locations":[{"start":{"line":52,"column":8},"end":{"line":52,"column":20}},{"start":{"line":53,"column":8},"end":{"line":53,"column":18}}],"line":50},"1":{"loc":{"start":{"line":60,"column":4},"end":{"line":60,"column":29}},"type":"if","locations":[{"start":{"line":60,"column":4},"end":{"line":60,"column":29}},{"start":{"line":60,"column":4},"end":{"line":60,"column":29}}],"line":60},"2":{"loc":{"start":{"line":69,"column":4},"end":{"line":69,"column":29}},"type":"if","locations":[{"start":{"line":69,"column":4},"end":{"line":69,"column":29}},{"start":{"line":69,"column":4},"end":{"line":69,"column":29}}],"line":69},"3":{"loc":{"start":{"line":80,"column":14},"end":{"line":80,"column":25}},"type":"default-arg","locations":[{"start":{"line":80,"column":23},"end":{"line":80,"column":25}}],"line":80}},"s":{"0":1,"1":1,"2":1,"3":0,"4":0,"5":0,"6":0,"7":0,"8":0,"9":0,"10":0,"11":0,"12":0,"13":0,"14":0,"15":0,"16":0,"17":0,"18":0,"19":0,"20":0,"21":0,"22":0,"23":0,"24":0,"25":0,"26":0,"27":0,"28":0,"29":0,"30":1},"f":{"0":1,"1":0,"2":0,"3":0,"4":0,"5":0,"6":0,"7":0,"8":0,"9":0,"10":0,"11":0,"12":0,"13":0,"14":0},"b":{"0":[0,0],"1":[0,0],"2":[0,0],"3":[0]},"_coverageSchema":"332fd63041d2c1bcb487cc26dd0d5f7d97098a6c","hash":"8bc748f177bdba32a57999834ccc631ae5f1d809"}
,"/Users/ljoliat/Documents/sites/recipes/src/models/Recipe.js": {"path":"/Users/ljoliat/Documents/sites/recipes/src/models/Recipe.js","statementMap":{"0":{"start":{"line":3,"column":4},"end":{"line":7,"column":21}},"1":{"start":{"line":8,"column":4},"end":{"line":8,"column":22}},"2":{"start":{"line":9,"column":4},"end":{"line":9,"column":34}},"3":{"start":{"line":10,"column":4},"end":{"line":10,"column":25}},"4":{"start":{"line":11,"column":4},"end":{"line":11,"column":21}},"5":{"start":{"line":15,"column":22},"end":{"line":19,"column":1}},"6":{"start":{"line":16,"column":2},"end":{"line":18,"column":21}},"7":{"start":{"line":17,"column":4},"end":{"line":17,"column":15}},"8":{"start":{"line":18,"column":9},"end":{"line":18,"column":21}}},"fnMap":{"0":{"name":"(anonymous_0)","decl":{"start":{"line":2,"column":2},"end":{"line":2,"column":3}},"loc":{"start":{"line":2,"column":39},"end":{"line":12,"column":3}},"line":2},"1":{"name":"(anonymous_1)","decl":{"start":{"line":15,"column":22},"end":{"line":15,"column":23}},"loc":{"start":{"line":15,"column":39},"end":{"line":19,"column":1}},"line":15}},"branchMap":{"0":{"loc":{"start":{"line":15,"column":23},"end":{"line":15,"column":34}},"type":"default-arg","locations":[{"start":{"line":15,"column":32},"end":{"line":15,"column":34}}],"line":15},"1":{"loc":{"start":{"line":16,"column":2},"end":{"line":18,"column":21}},"type":"if","locations":[{"start":{"line":16,"column":2},"end":{"line":18,"column":21}},{"start":{"line":16,"column":2},"end":{"line":18,"column":21}}],"line":16},"2":{"loc":{"start":{"line":16,"column":6},"end":{"line":16,"column":53}},"type":"binary-expr","locations":[{"start":{"line":16,"column":6},"end":{"line":16,"column":15}},{"start":{"line":16,"column":19},"end":{"line":16,"column":31}},{"start":{"line":16,"column":35},"end":{"line":16,"column":53}}],"line":16}},"s":{"0":1,"1":1,"2":1,"3":1,"4":1,"5":2,"6":0,"7":0,"8":0},"f":{"0":1,"1":0},"b":{"0":[0],"1":[0,0],"2":[0,0,0]},"_coverageSchema":"332fd63041d2c1bcb487cc26dd0d5f7d97098a6c","hash":"c038ca3d0ed777a610e82b732598769ebb800483"}
,"/Users/ljoliat/Documents/sites/recipes/src/utils/data.js": {"path":"/Users/ljoliat/Documents/sites/recipes/src/utils/data.js","statementMap":{"0":{"start":{"line":2,"column":18},"end":{"line":2,"column":79}},"1":{"start":{"line":2,"column":24},"end":{"line":2,"column":79}},"2":{"start":{"line":2,"column":57},"end":{"line":2,"column":78}},"3":{"start":{"line":4,"column":21},"end":{"line":10,"column":4}},"4":{"start":{"line":5,"column":2},"end":{"line":10,"column":4}},"5":{"start":{"line":6,"column":20},"end":{"line":6,"column":38}},"6":{"start":{"line":7,"column":28},"end":{"line":7,"column":60}},"7":{"start":{"line":7,"column":48},"end":{"line":7,"column":59}},"8":{"start":{"line":8,"column":4},"end":{"line":8,"column":68}},"9":{"start":{"line":9,"column":4},"end":{"line":9,"column":13}},"10":{"start":{"line":12,"column":19},"end":{"line":22,"column":4}},"11":{"start":{"line":13,"column":2},"end":{"line":22,"column":4}},"12":{"start":{"line":14,"column":20},"end":{"line":14,"column":38}},"13":{"start":{"line":15,"column":4},"end":{"line":19,"column":6}},"14":{"start":{"line":16,"column":6},"end":{"line":18,"column":7}},"15":{"start":{"line":17,"column":8},"end":{"line":17,"column":27}},"16":{"start":{"line":20,"column":4},"end":{"line":20,"column":60}},"17":{"start":{"line":21,"column":4},"end":{"line":21,"column":13}},"18":{"start":{"line":24,"column":21},"end":{"line":29,"column":4}},"19":{"start":{"line":25,"column":2},"end":{"line":29,"column":4}},"20":{"start":{"line":26,"column":18},"end":{"line":26,"column":56}},"21":{"start":{"line":27,"column":4},"end":{"line":27,"column":42}},"22":{"start":{"line":28,"column":4},"end":{"line":28,"column":13}},"23":{"start":{"line":31,"column":23},"end":{"line":39,"column":4}},"24":{"start":{"line":32,"column":2},"end":{"line":39,"column":4}},"25":{"start":{"line":33,"column":20},"end":{"line":33,"column":38}},"26":{"start":{"line":34,"column":4},"end":{"line":36,"column":6}},"27":{"start":{"line":35,"column":6},"end":{"line":35,"column":40}},"28":{"start":{"line":35,"column":23},"end":{"line":35,"column":40}},"29":{"start":{"line":37,"column":4},"end":{"line":37,"column":60}},"30":{"start":{"line":38,"column":4},"end":{"line":38,"column":13}},"31":{"start":{"line":41,"column":25},"end":{"line":49,"column":4}},"32":{"start":{"line":42,"column":2},"end":{"line":49,"column":4}},"33":{"start":{"line":43,"column":20},"end":{"line":43,"column":38}},"34":{"start":{"line":44,"column":4},"end":{"line":46,"column":6}},"35":{"start":{"line":45,"column":6},"end":{"line":45,"column":41}},"36":{"start":{"line":45,"column":23},"end":{"line":45,"column":41}},"37":{"start":{"line":47,"column":4},"end":{"line":47,"column":60}},"38":{"start":{"line":48,"column":4},"end":{"line":48,"column":13}},"39":{"start":{"line":51,"column":19},"end":{"line":54,"column":3}},"40":{"start":{"line":52,"column":2},"end":{"line":54,"column":3}},"41":{"start":{"line":53,"column":4},"end":{"line":53,"column":62}}},"fnMap":{"0":{"name":"(anonymous_0)","decl":{"start":{"line":2,"column":18},"end":{"line":2,"column":19}},"loc":{"start":{"line":2,"column":24},"end":{"line":2,"column":79}},"line":2},"1":{"name":"(anonymous_1)","decl":{"start":{"line":2,"column":36},"end":{"line":2,"column":37}},"loc":{"start":{"line":2,"column":57},"end":{"line":2,"column":78}},"line":2},"2":{"name":"(anonymous_2)","decl":{"start":{"line":4,"column":21},"end":{"line":4,"column":22}},"loc":{"start":{"line":5,"column":2},"end":{"line":10,"column":4}},"line":5},"3":{"name":"(anonymous_3)","decl":{"start":{"line":5,"column":14},"end":{"line":5,"column":15}},"loc":{"start":{"line":5,"column":41},"end":{"line":10,"column":3}},"line":5},"4":{"name":"(anonymous_4)","decl":{"start":{"line":7,"column":43},"end":{"line":7,"column":44}},"loc":{"start":{"line":7,"column":48},"end":{"line":7,"column":59}},"line":7},"5":{"name":"(anonymous_5)","decl":{"start":{"line":12,"column":19},"end":{"line":12,"column":20}},"loc":{"start":{"line":13,"column":2},"end":{"line":22,"column":4}},"line":13},"6":{"name":"(anonymous_6)","decl":{"start":{"line":13,"column":14},"end":{"line":13,"column":15}},"loc":{"start":{"line":13,"column":41},"end":{"line":22,"column":3}},"line":13},"7":{"name":"(anonymous_7)","decl":{"start":{"line":15,"column":20},"end":{"line":15,"column":21}},"loc":{"start":{"line":15,"column":30},"end":{"line":19,"column":5}},"line":15},"8":{"name":"(anonymous_8)","decl":{"start":{"line":24,"column":21},"end":{"line":24,"column":22}},"loc":{"start":{"line":25,"column":2},"end":{"line":29,"column":4}},"line":25},"9":{"name":"(anonymous_9)","decl":{"start":{"line":25,"column":14},"end":{"line":25,"column":15}},"loc":{"start":{"line":25,"column":35},"end":{"line":29,"column":3}},"line":25},"10":{"name":"(anonymous_10)","decl":{"start":{"line":31,"column":23},"end":{"line":31,"column":24}},"loc":{"start":{"line":32,"column":2},"end":{"line":39,"column":4}},"line":32},"11":{"name":"(anonymous_11)","decl":{"start":{"line":32,"column":14},"end":{"line":32,"column":15}},"loc":{"start":{"line":32,"column":41},"end":{"line":39,"column":3}},"line":32},"12":{"name":"(anonymous_12)","decl":{"start":{"line":34,"column":16},"end":{"line":34,"column":17}},"loc":{"start":{"line":34,"column":21},"end":{"line":36,"column":5}},"line":34},"13":{"name":"(anonymous_13)","decl":{"start":{"line":41,"column":25},"end":{"line":41,"column":26}},"loc":{"start":{"line":42,"column":2},"end":{"line":49,"column":4}},"line":42},"14":{"name":"(anonymous_14)","decl":{"start":{"line":42,"column":14},"end":{"line":42,"column":15}},"loc":{"start":{"line":42,"column":41},"end":{"line":49,"column":3}},"line":42},"15":{"name":"(anonymous_15)","decl":{"start":{"line":44,"column":16},"end":{"line":44,"column":17}},"loc":{"start":{"line":44,"column":21},"end":{"line":46,"column":5}},"line":44},"16":{"name":"(anonymous_16)","decl":{"start":{"line":51,"column":19},"end":{"line":51,"column":20}},"loc":{"start":{"line":52,"column":2},"end":{"line":54,"column":3}},"line":52},"17":{"name":"(anonymous_17)","decl":{"start":{"line":52,"column":14},"end":{"line":52,"column":15}},"loc":{"start":{"line":53,"column":4},"end":{"line":53,"column":62}},"line":53}},"branchMap":{"0":{"loc":{"start":{"line":16,"column":6},"end":{"line":18,"column":7}},"type":"if","locations":[{"start":{"line":16,"column":6},"end":{"line":18,"column":7}},{"start":{"line":16,"column":6},"end":{"line":18,"column":7}}],"line":16},"1":{"loc":{"start":{"line":24,"column":22},"end":{"line":24,"column":34}},"type":"default-arg","locations":[{"start":{"line":24,"column":32},"end":{"line":24,"column":34}}],"line":24},"2":{"loc":{"start":{"line":35,"column":6},"end":{"line":35,"column":40}},"type":"if","locations":[{"start":{"line":35,"column":6},"end":{"line":35,"column":40}},{"start":{"line":35,"column":6},"end":{"line":35,"column":40}}],"line":35},"3":{"loc":{"start":{"line":45,"column":6},"end":{"line":45,"column":41}},"type":"if","locations":[{"start":{"line":45,"column":6},"end":{"line":45,"column":41}},{"start":{"line":45,"column":6},"end":{"line":45,"column":41}}],"line":45},"4":{"loc":{"start":{"line":53,"column":12},"end":{"line":53,"column":61}},"type":"binary-expr","locations":[{"start":{"line":53,"column":12},"end":{"line":53,"column":55}},{"start":{"line":53,"column":59},"end":{"line":53,"column":61}}],"line":53}},"s":{"0":2,"1":0,"2":0,"3":2,"4":0,"5":0,"6":0,"7":0,"8":0,"9":0,"10":2,"11":1,"12":1,"13":1,"14":1,"15":1,"16":1,"17":1,"18":2,"19":1,"20":1,"21":1,"22":1,"23":2,"24":1,"25":1,"26":1,"27":1,"28":1,"29":1,"30":1,"31":2,"32":1,"33":1,"34":1,"35":1,"36":1,"37":1,"38":1,"39":2,"40":12,"41":12},"f":{"0":0,"1":0,"2":0,"3":0,"4":0,"5":1,"6":1,"7":1,"8":1,"9":1,"10":1,"11":1,"12":1,"13":1,"14":1,"15":1,"16":12,"17":12},"b":{"0":[1,0],"1":[0],"2":[1,0],"3":[1,0],"4":[12,2]},"_coverageSchema":"332fd63041d2c1bcb487cc26dd0d5f7d97098a6c","hash":"3f36499bfb2ecd9a9ba6b02c955406c5b7b0960f"}
}
